CRITICAL - 2024-03-05 18:02:49 --> ErrorException: Undefined variable $nome
in APPPATH/Views/resultado.php on line 38.
 1 APPPATH/Views/resultado.php(38): CodeIgniter\Debug\Exceptions->errorHandler()
 2 SYSTEMPATH/View/View.php(228): include('/tmp/guest-6aa2we/Downloads/codeigniter4-framework-7d393f8/app/Views/resultado.php')
 3 SYSTEMPATH/View/View.php(231): CodeIgniter\View\View->CodeIgniter\View\{closure}()
 4 SYSTEMPATH/Common.php(1178): CodeIgniter\View\View->render()
 5 APPPATH/Controllers/Home.php(22): view()
 6 SYSTEMPATH/CodeIgniter.php(941): App\Controllers\Home->receiveData()
 7 SYSTEMPATH/CodeIgniter.php(502): CodeIgniter\CodeIgniter->runController()
 8 SYSTEMPATH/CodeIgniter.php(361): CodeIgniter\CodeIgniter->handleRequest()
 9 FCPATH/index.php(79): CodeIgniter\CodeIgniter->run()
10 SYSTEMPATH/Commands/Server/rewrite.php(47): require_once('/tmp/guest-6aa2we/Downloads/codeigniter4-framework-7d393f8/public/index.php')
CRITICAL - 2024-03-05 18:18:14 --> ParseError: syntax error, unexpected variable "$dados"
in APPPATH/Views/resultado.php on line 6.
 1 SYSTEMPATH/View/View.php(231): CodeIgniter\View\View->CodeIgniter\View\{closure}()
 2 SYSTEMPATH/Common.php(1178): CodeIgniter\View\View->render()
 3 APPPATH/Controllers/Home.php(22): view()
 4 SYSTEMPATH/CodeIgniter.php(941): App\Controllers\Home->receiveData()
 5 SYSTEMPATH/CodeIgniter.php(502): CodeIgniter\CodeIgniter->runController()
 6 SYSTEMPATH/CodeIgniter.php(361): CodeIgniter\CodeIgniter->handleRequest()
 7 FCPATH/index.php(79): CodeIgniter\CodeIgniter->run()
 8 SYSTEMPATH/Commands/Server/rewrite.php(47): require_once('/tmp/guest-6aa2we/Downloads/codeigniter4-framework-7d393f8/public/index.php')
CRITICAL - 2024-03-05 18:50:28 --> Error: Class "App\Controllers\DateTime" not found
in APPPATH/Controllers/Home.php on line 24.
 1 SYSTEMPATH/CodeIgniter.php(941): App\Controllers\Home->receiveData()
 2 SYSTEMPATH/CodeIgniter.php(502): CodeIgniter\CodeIgniter->runController()
 3 SYSTEMPATH/CodeIgniter.php(361): CodeIgniter\CodeIgniter->handleRequest()
 4 FCPATH/index.php(79): CodeIgniter\CodeIgniter->run()
 5 SYSTEMPATH/Commands/Server/rewrite.php(47): require_once('/tmp/guest-6aa2we/Downloads/codeigniter4-framework-7d393f8/public/index.php')
CRITICAL - 2024-03-05 20:13:56 --> Error: Class "App\Controllers\DateTime" not found
in APPPATH/Controllers/Home.php on line 23.
 1 SYSTEMPATH/CodeIgniter.php(941): App\Controllers\Home->receiveData()
 2 SYSTEMPATH/CodeIgniter.php(502): CodeIgniter\CodeIgniter->runController()
 3 SYSTEMPATH/CodeIgniter.php(361): CodeIgniter\CodeIgniter->handleRequest()
 4 FCPATH/index.php(79): CodeIgniter\CodeIgniter->run()
 5 SYSTEMPATH/Commands/Server/rewrite.php(47): require_once('/tmp/guest-6aa2we/Downloads/codeigniter4-framework-7d393f8/public/index.php')
CRITICAL - 2024-03-05 20:14:19 --> ErrorException: Undefined variable $idade
in APPPATH/Views/resultado.php on line 12.
 1 APPPATH/Views/resultado.php(12): CodeIgniter\Debug\Exceptions->errorHandler()
 2 SYSTEMPATH/View/View.php(228): include('/tmp/guest-6aa2we/Downloads/codeigniter4-framework-7d393f8/app/Views/resultado.php')
 3 SYSTEMPATH/View/View.php(231): CodeIgniter\View\View->CodeIgniter\View\{closure}()
 4 SYSTEMPATH/Common.php(1178): CodeIgniter\View\View->render()
 5 APPPATH/Controllers/Home.php(41): view()
 6 SYSTEMPATH/CodeIgniter.php(941): App\Controllers\Home->receiveData()
 7 SYSTEMPATH/CodeIgniter.php(502): CodeIgniter\CodeIgniter->runController()
 8 SYSTEMPATH/CodeIgniter.php(361): CodeIgniter\CodeIgniter->handleRequest()
 9 FCPATH/index.php(79): CodeIgniter\CodeIgniter->run()
10 SYSTEMPATH/Commands/Server/rewrite.php(47): require_once('/tmp/guest-6aa2we/Downloads/codeigniter4-framework-7d393f8/public/index.php')
CRITICAL - 2024-03-05 20:14:39 --> TypeError: view(): Argument #3 ($options) must be of type array, int given, called in /tmp/guest-6aa2we/Downloads/codeigniter4-framework-7d393f8/app/Controllers/Home.php on line 41
in SYSTEMPATH/Common.php on line 1166.
 1 APPPATH/Controllers/Home.php(41): view()
 2 SYSTEMPATH/CodeIgniter.php(941): App\Controllers\Home->receiveData()
 3 SYSTEMPATH/CodeIgniter.php(502): CodeIgniter\CodeIgniter->runController()
 4 SYSTEMPATH/CodeIgniter.php(361): CodeIgniter\CodeIgniter->handleRequest()
 5 FCPATH/index.php(79): CodeIgniter\CodeIgniter->run()
 6 SYSTEMPATH/Commands/Server/rewrite.php(47): require_once('/tmp/guest-6aa2we/Downloads/codeigniter4-framework-7d393f8/public/index.php')
CRITICAL - 2024-03-05 20:16:12 --> ErrorException: Undefined variable $idade
in APPPATH/Views/resultado.php on line 12.
 1 APPPATH/Views/resultado.php(12): CodeIgniter\Debug\Exceptions->errorHandler()
 2 SYSTEMPATH/View/View.php(228): include('/tmp/guest-6aa2we/Downloads/codeigniter4-framework-7d393f8/app/Views/resultado.php')
 3 SYSTEMPATH/View/View.php(231): CodeIgniter\View\View->CodeIgniter\View\{closure}()
 4 SYSTEMPATH/Common.php(1178): CodeIgniter\View\View->render()
 5 APPPATH/Controllers/Home.php(41): view()
 6 SYSTEMPATH/CodeIgniter.php(941): App\Controllers\Home->receiveData()
 7 SYSTEMPATH/CodeIgniter.php(502): CodeIgniter\CodeIgniter->runController()
 8 SYSTEMPATH/CodeIgniter.php(361): CodeIgniter\CodeIgniter->handleRequest()
 9 FCPATH/index.php(79): CodeIgniter\CodeIgniter->run()
10 SYSTEMPATH/Commands/Server/rewrite.php(47): require_once('/tmp/guest-6aa2we/Downloads/codeigniter4-framework-7d393f8/public/index.php')
CRITICAL - 2024-03-05 20:16:58 --> ErrorException: Undefined variable $idade
in APPPATH/Views/resultado.php on line 12.
 1 APPPATH/Views/resultado.php(12): CodeIgniter\Debug\Exceptions->errorHandler()
 2 SYSTEMPATH/View/View.php(228): include('/tmp/guest-6aa2we/Downloads/codeigniter4-framework-7d393f8/app/Views/resultado.php')
 3 SYSTEMPATH/View/View.php(231): CodeIgniter\View\View->CodeIgniter\View\{closure}()
 4 SYSTEMPATH/Common.php(1178): CodeIgniter\View\View->render()
 5 APPPATH/Controllers/Home.php(41): view()
 6 SYSTEMPATH/CodeIgniter.php(941): App\Controllers\Home->receiveData()
 7 SYSTEMPATH/CodeIgniter.php(502): CodeIgniter\CodeIgniter->runController()
 8 SYSTEMPATH/CodeIgniter.php(361): CodeIgniter\CodeIgniter->handleRequest()
 9 FCPATH/index.php(79): CodeIgniter\CodeIgniter->run()
10 SYSTEMPATH/Commands/Server/rewrite.php(47): require_once('/tmp/guest-6aa2we/Downloads/codeigniter4-framework-7d393f8/public/index.php')
CRITICAL - 2024-03-05 20:17:51 --> ErrorException: Undefined variable $data
in APPPATH/Views/resultado.php on line 12.
 1 APPPATH/Views/resultado.php(12): CodeIgniter\Debug\Exceptions->errorHandler()
 2 SYSTEMPATH/View/View.php(228): include('/tmp/guest-6aa2we/Downloads/codeigniter4-framework-7d393f8/app/Views/resultado.php')
 3 SYSTEMPATH/View/View.php(231): CodeIgniter\View\View->CodeIgniter\View\{closure}()
 4 SYSTEMPATH/Common.php(1178): CodeIgniter\View\View->render()
 5 APPPATH/Controllers/Home.php(41): view()
 6 SYSTEMPATH/CodeIgniter.php(941): App\Controllers\Home->receiveData()
 7 SYSTEMPATH/CodeIgniter.php(502): CodeIgniter\CodeIgniter->runController()
 8 SYSTEMPATH/CodeIgniter.php(361): CodeIgniter\CodeIgniter->handleRequest()
 9 FCPATH/index.php(79): CodeIgniter\CodeIgniter->run()
10 SYSTEMPATH/Commands/Server/rewrite.php(47): require_once('/tmp/guest-6aa2we/Downloads/codeigniter4-framework-7d393f8/public/index.php')
CRITICAL - 2024-03-05 20:17:54 --> ErrorException: Undefined variable $data
in APPPATH/Views/resultado.php on line 12.
 1 APPPATH/Views/resultado.php(12): CodeIgniter\Debug\Exceptions->errorHandler()
 2 SYSTEMPATH/View/View.php(228): include('/tmp/guest-6aa2we/Downloads/codeigniter4-framework-7d393f8/app/Views/resultado.php')
 3 SYSTEMPATH/View/View.php(231): CodeIgniter\View\View->CodeIgniter\View\{closure}()
 4 SYSTEMPATH/Common.php(1178): CodeIgniter\View\View->render()
 5 APPPATH/Controllers/Home.php(41): view()
 6 SYSTEMPATH/CodeIgniter.php(941): App\Controllers\Home->receiveData()
 7 SYSTEMPATH/CodeIgniter.php(502): CodeIgniter\CodeIgniter->runController()
 8 SYSTEMPATH/CodeIgniter.php(361): CodeIgniter\CodeIgniter->handleRequest()
 9 FCPATH/index.php(79): CodeIgniter\CodeIgniter->run()
10 SYSTEMPATH/Commands/Server/rewrite.php(47): require_once('/tmp/guest-6aa2we/Downloads/codeigniter4-framework-7d393f8/public/index.php')
CRITICAL - 2024-03-05 20:18:13 --> ErrorException: Undefined variable $data
in APPPATH/Views/resultado.php on line 12.
 1 APPPATH/Views/resultado.php(12): CodeIgniter\Debug\Exceptions->errorHandler()
 2 SYSTEMPATH/View/View.php(228): include('/tmp/guest-6aa2we/Downloads/codeigniter4-framework-7d393f8/app/Views/resultado.php')
 3 SYSTEMPATH/View/View.php(231): CodeIgniter\View\View->CodeIgniter\View\{closure}()
 4 SYSTEMPATH/Common.php(1178): CodeIgniter\View\View->render()
 5 APPPATH/Controllers/Home.php(41): view()
 6 SYSTEMPATH/CodeIgniter.php(941): App\Controllers\Home->receiveData()
 7 SYSTEMPATH/CodeIgniter.php(502): CodeIgniter\CodeIgniter->runController()
 8 SYSTEMPATH/CodeIgniter.php(361): CodeIgniter\CodeIgniter->handleRequest()
 9 FCPATH/index.php(79): CodeIgniter\CodeIgniter->run()
10 SYSTEMPATH/Commands/Server/rewrite.php(47): require_once('/tmp/guest-6aa2we/Downloads/codeigniter4-framework-7d393f8/public/index.php')
CRITICAL - 2024-03-05 20:19:49 --> ErrorException: Undefined variable $idade
in APPPATH/Views/resultado.php on line 12.
 1 APPPATH/Views/resultado.php(12): CodeIgniter\Debug\Exceptions->errorHandler()
 2 SYSTEMPATH/View/View.php(228): include('/tmp/guest-6aa2we/Downloads/codeigniter4-framework-7d393f8/app/Views/resultado.php')
 3 SYSTEMPATH/View/View.php(231): CodeIgniter\View\View->CodeIgniter\View\{closure}()
 4 SYSTEMPATH/Common.php(1178): CodeIgniter\View\View->render()
 5 APPPATH/Controllers/Home.php(41): view()
 6 SYSTEMPATH/CodeIgniter.php(941): App\Controllers\Home->receiveData()
 7 SYSTEMPATH/CodeIgniter.php(502): CodeIgniter\CodeIgniter->runController()
 8 SYSTEMPATH/CodeIgniter.php(361): CodeIgniter\CodeIgniter->handleRequest()
 9 FCPATH/index.php(79): CodeIgniter\CodeIgniter->run()
10 SYSTEMPATH/Commands/Server/rewrite.php(47): require_once('/tmp/guest-6aa2we/Downloads/codeigniter4-framework-7d393f8/public/index.php')
CRITICAL - 2024-03-05 20:25:11 --> ErrorException: Undefined variable $idade
in APPPATH/Views/resultado.php on line 12.
 1 APPPATH/Views/resultado.php(12): CodeIgniter\Debug\Exceptions->errorHandler()
 2 SYSTEMPATH/View/View.php(228): include('/tmp/guest-6aa2we/Downloads/codeigniter4-framework-7d393f8/app/Views/resultado.php')
 3 SYSTEMPATH/View/View.php(231): CodeIgniter\View\View->CodeIgniter\View\{closure}()
 4 SYSTEMPATH/Common.php(1178): CodeIgniter\View\View->render()
 5 APPPATH/Controllers/Home.php(41): view()
 6 SYSTEMPATH/CodeIgniter.php(941): App\Controllers\Home->receiveData()
 7 SYSTEMPATH/CodeIgniter.php(502): CodeIgniter\CodeIgniter->runController()
 8 SYSTEMPATH/CodeIgniter.php(361): CodeIgniter\CodeIgniter->handleRequest()
 9 FCPATH/index.php(79): CodeIgniter\CodeIgniter->run()
10 SYSTEMPATH/Commands/Server/rewrite.php(47): require_once('/tmp/guest-6aa2we/Downloads/codeigniter4-framework-7d393f8/public/index.php')
CRITICAL - 2024-03-05 20:30:04 --> ParseError: syntax error, unexpected variable "$valores"
in APPPATH/Controllers/Home.php on line 28.
 1 SYSTEMPATH/Autoloader/Autoloader.php(290): CodeIgniter\Autoloader\Autoloader->includeFile()
 2 SYSTEMPATH/Autoloader/Autoloader.php(266): CodeIgniter\Autoloader\Autoloader->loadInNamespace()
 3 [internal function]: CodeIgniter\Autoloader\Autoloader->loadClass()
 4 SYSTEMPATH/CodeIgniter.php(899): class_exists()
 5 SYSTEMPATH/CodeIgniter.php(489): CodeIgniter\CodeIgniter->startController()
 6 SYSTEMPATH/CodeIgniter.php(361): CodeIgniter\CodeIgniter->handleRequest()
 7 FCPATH/index.php(79): CodeIgniter\CodeIgniter->run()
 8 SYSTEMPATH/Commands/Server/rewrite.php(47): require_once('/tmp/guest-6aa2we/Downloads/codeigniter4-framework-7d393f8/public/index.php')
CRITICAL - 2024-03-05 20:30:22 --> ParseError: syntax error, unexpected token ";", expecting ")"
in APPPATH/Controllers/Home.php on line 25.
 1 SYSTEMPATH/Autoloader/Autoloader.php(290): CodeIgniter\Autoloader\Autoloader->includeFile()
 2 SYSTEMPATH/Autoloader/Autoloader.php(266): CodeIgniter\Autoloader\Autoloader->loadInNamespace()
 3 [internal function]: CodeIgniter\Autoloader\Autoloader->loadClass()
 4 SYSTEMPATH/CodeIgniter.php(899): class_exists()
 5 SYSTEMPATH/CodeIgniter.php(489): CodeIgniter\CodeIgniter->startController()
 6 SYSTEMPATH/CodeIgniter.php(361): CodeIgniter\CodeIgniter->handleRequest()
 7 FCPATH/index.php(79): CodeIgniter\CodeIgniter->run()
 8 SYSTEMPATH/Commands/Server/rewrite.php(47): require_once('/tmp/guest-6aa2we/Downloads/codeigniter4-framework-7d393f8/public/index.php')
CRITICAL - 2024-03-05 20:30:28 --> ErrorException: Undefined variable $idade
in APPPATH/Views/resultado.php on line 12.
 1 APPPATH/Views/resultado.php(12): CodeIgniter\Debug\Exceptions->errorHandler()
 2 SYSTEMPATH/View/View.php(228): include('/tmp/guest-6aa2we/Downloads/codeigniter4-framework-7d393f8/app/Views/resultado.php')
 3 SYSTEMPATH/View/View.php(231): CodeIgniter\View\View->CodeIgniter\View\{closure}()
 4 SYSTEMPATH/Common.php(1178): CodeIgniter\View\View->render()
 5 APPPATH/Controllers/Home.php(43): view()
 6 SYSTEMPATH/CodeIgniter.php(941): App\Controllers\Home->receiveData()
 7 SYSTEMPATH/CodeIgniter.php(502): CodeIgniter\CodeIgniter->runController()
 8 SYSTEMPATH/CodeIgniter.php(361): CodeIgniter\CodeIgniter->handleRequest()
 9 FCPATH/index.php(79): CodeIgniter\CodeIgniter->run()
10 SYSTEMPATH/Commands/Server/rewrite.php(47): require_once('/tmp/guest-6aa2we/Downloads/codeigniter4-framework-7d393f8/public/index.php')
CRITICAL - 2024-03-05 20:32:27 --> ParseError: syntax error, unexpected single-quoted string "idade", expecting ")"
in APPPATH/Controllers/Home.php on line 23.
 1 SYSTEMPATH/Autoloader/Autoloader.php(290): CodeIgniter\Autoloader\Autoloader->includeFile()
 2 SYSTEMPATH/Autoloader/Autoloader.php(266): CodeIgniter\Autoloader\Autoloader->loadInNamespace()
 3 [internal function]: CodeIgniter\Autoloader\Autoloader->loadClass()
 4 SYSTEMPATH/CodeIgniter.php(899): class_exists()
 5 SYSTEMPATH/CodeIgniter.php(489): CodeIgniter\CodeIgniter->startController()
 6 SYSTEMPATH/CodeIgniter.php(361): CodeIgniter\CodeIgniter->handleRequest()
 7 FCPATH/index.php(79): CodeIgniter\CodeIgniter->run()
 8 SYSTEMPATH/Commands/Server/rewrite.php(47): require_once('/tmp/guest-6aa2we/Downloads/codeigniter4-framework-7d393f8/public/index.php')
CRITICAL - 2024-03-05 20:32:43 --> ErrorException: Undefined variable $data
in APPPATH/Controllers/Home.php on line 17.
 1 APPPATH/Controllers/Home.php(17): CodeIgniter\Debug\Exceptions->errorHandler()
 2 SYSTEMPATH/CodeIgniter.php(941): App\Controllers\Home->receiveData()
 3 SYSTEMPATH/CodeIgniter.php(502): CodeIgniter\CodeIgniter->runController()
 4 SYSTEMPATH/CodeIgniter.php(361): CodeIgniter\CodeIgniter->handleRequest()
 5 FCPATH/index.php(79): CodeIgniter\CodeIgniter->run()
 6 SYSTEMPATH/Commands/Server/rewrite.php(47): require_once('/tmp/guest-6aa2we/Downloads/codeigniter4-framework-7d393f8/public/index.php')
CRITICAL - 2024-03-05 20:32:57 --> ErrorException: Undefined variable $idade
in APPPATH/Controllers/Home.php on line 22.
 1 APPPATH/Controllers/Home.php(22): CodeIgniter\Debug\Exceptions->errorHandler()
 2 SYSTEMPATH/CodeIgniter.php(941): App\Controllers\Home->receiveData()
 3 SYSTEMPATH/CodeIgniter.php(502): CodeIgniter\CodeIgniter->runController()
 4 SYSTEMPATH/CodeIgniter.php(361): CodeIgniter\CodeIgniter->handleRequest()
 5 FCPATH/index.php(79): CodeIgniter\CodeIgniter->run()
 6 SYSTEMPATH/Commands/Server/rewrite.php(47): require_once('/tmp/guest-6aa2we/Downloads/codeigniter4-framework-7d393f8/public/index.php')
CRITICAL - 2024-03-05 20:33:27 --> ErrorException: Undefined variable $data
in APPPATH/Controllers/Home.php on line 22.
 1 APPPATH/Controllers/Home.php(22): CodeIgniter\Debug\Exceptions->errorHandler()
 2 SYSTEMPATH/CodeIgniter.php(941): App\Controllers\Home->receiveData()
 3 SYSTEMPATH/CodeIgniter.php(502): CodeIgniter\CodeIgniter->runController()
 4 SYSTEMPATH/CodeIgniter.php(361): CodeIgniter\CodeIgniter->handleRequest()
 5 FCPATH/index.php(79): CodeIgniter\CodeIgniter->run()
 6 SYSTEMPATH/Commands/Server/rewrite.php(47): require_once('/tmp/guest-6aa2we/Downloads/codeigniter4-framework-7d393f8/public/index.php')
CRITICAL - 2024-03-05 20:34:05 --> ErrorException: Undefined variable $idade
in APPPATH/Views/resultado.php on line 12.
 1 APPPATH/Views/resultado.php(12): CodeIgniter\Debug\Exceptions->errorHandler()
 2 SYSTEMPATH/View/View.php(228): include('/tmp/guest-6aa2we/Downloads/codeigniter4-framework-7d393f8/app/Views/resultado.php')
 3 SYSTEMPATH/View/View.php(231): CodeIgniter\View\View->CodeIgniter\View\{closure}()
 4 SYSTEMPATH/Common.php(1178): CodeIgniter\View\View->render()
 5 APPPATH/Controllers/Home.php(43): view()
 6 SYSTEMPATH/CodeIgniter.php(941): App\Controllers\Home->receiveData()
 7 SYSTEMPATH/CodeIgniter.php(502): CodeIgniter\CodeIgniter->runController()
 8 SYSTEMPATH/CodeIgniter.php(361): CodeIgniter\CodeIgniter->handleRequest()
 9 FCPATH/index.php(79): CodeIgniter\CodeIgniter->run()
10 SYSTEMPATH/Commands/Server/rewrite.php(47): require_once('/tmp/guest-6aa2we/Downloads/codeigniter4-framework-7d393f8/public/index.php')
CRITICAL - 2024-03-05 20:42:28 --> ErrorException: Undefined variable $idade
in APPPATH/Views/resultado.php on line 12.
 1 APPPATH/Views/resultado.php(12): CodeIgniter\Debug\Exceptions->errorHandler()
 2 SYSTEMPATH/View/View.php(228): include('/tmp/guest-6aa2we/Downloads/codeigniter4-framework-7d393f8/app/Views/resultado.php')
 3 SYSTEMPATH/View/View.php(231): CodeIgniter\View\View->CodeIgniter\View\{closure}()
 4 SYSTEMPATH/Common.php(1178): CodeIgniter\View\View->render()
 5 APPPATH/Controllers/Home.php(61): view()
 6 SYSTEMPATH/CodeIgniter.php(941): App\Controllers\Home->receiveData()
 7 SYSTEMPATH/CodeIgniter.php(502): CodeIgniter\CodeIgniter->runController()
 8 SYSTEMPATH/CodeIgniter.php(361): CodeIgniter\CodeIgniter->handleRequest()
 9 FCPATH/index.php(79): CodeIgniter\CodeIgniter->run()
10 SYSTEMPATH/Commands/Server/rewrite.php(47): require_once('/tmp/guest-6aa2we/Downloads/codeigniter4-framework-7d393f8/public/index.php')
CRITICAL - 2024-03-05 20:44:00 --> ParseError: syntax error, unexpected identifier "idadeArray8"
in APPPATH/Controllers/Home.php on line 51.
 1 SYSTEMPATH/Autoloader/Autoloader.php(290): CodeIgniter\Autoloader\Autoloader->includeFile()
 2 SYSTEMPATH/Autoloader/Autoloader.php(266): CodeIgniter\Autoloader\Autoloader->loadInNamespace()
 3 [internal function]: CodeIgniter\Autoloader\Autoloader->loadClass()
 4 SYSTEMPATH/CodeIgniter.php(899): class_exists()
 5 SYSTEMPATH/CodeIgniter.php(489): CodeIgniter\CodeIgniter->startController()
 6 SYSTEMPATH/CodeIgniter.php(361): CodeIgniter\CodeIgniter->handleRequest()
 7 FCPATH/index.php(79): CodeIgniter\CodeIgniter->run()
 8 SYSTEMPATH/Commands/Server/rewrite.php(47): require_once('/tmp/guest-6aa2we/Downloads/codeigniter4-framework-7d393f8/public/index.php')
CRITICAL - 2024-03-05 20:51:58 --> ParseError: syntax error, unexpected token ",", expecting "]"
in APPPATH/Controllers/Home.php on line 79.
 1 SYSTEMPATH/Autoloader/Autoloader.php(290): CodeIgniter\Autoloader\Autoloader->includeFile()
 2 SYSTEMPATH/Autoloader/Autoloader.php(266): CodeIgniter\Autoloader\Autoloader->loadInNamespace()
 3 [internal function]: CodeIgniter\Autoloader\Autoloader->loadClass()
 4 SYSTEMPATH/CodeIgniter.php(899): class_exists()
 5 SYSTEMPATH/CodeIgniter.php(489): CodeIgniter\CodeIgniter->startController()
 6 SYSTEMPATH/CodeIgniter.php(361): CodeIgniter\CodeIgniter->handleRequest()
 7 FCPATH/index.php(79): CodeIgniter\CodeIgniter->run()
 8 SYSTEMPATH/Commands/Server/rewrite.php(47): require_once('/tmp/guest-6aa2we/Downloads/codeigniter4-framework-7d393f8/public/index.php')
CRITICAL - 2024-03-05 20:53:53 --> ErrorException: Undefined variable $salario
in APPPATH/Controllers/Home.php on line 61.
 1 APPPATH/Controllers/Home.php(61): CodeIgniter\Debug\Exceptions->errorHandler()
 2 SYSTEMPATH/CodeIgniter.php(941): App\Controllers\Home->receiveData()
 3 SYSTEMPATH/CodeIgniter.php(502): CodeIgniter\CodeIgniter->runController()
 4 SYSTEMPATH/CodeIgniter.php(361): CodeIgniter\CodeIgniter->handleRequest()
 5 FCPATH/index.php(79): CodeIgniter\CodeIgniter->run()
 6 SYSTEMPATH/Commands/Server/rewrite.php(47): require_once('/tmp/guest-6aa2we/Downloads/codeigniter4-framework-7d393f8/public/index.php')
CRITICAL - 2024-03-05 20:54:16 --> ErrorException: Trying to access array offset on value of type int
in APPPATH/Controllers/Home.php on line 79.
 1 APPPATH/Controllers/Home.php(79): CodeIgniter\Debug\Exceptions->errorHandler()
 2 SYSTEMPATH/CodeIgniter.php(941): App\Controllers\Home->receiveData()
 3 SYSTEMPATH/CodeIgniter.php(502): CodeIgniter\CodeIgniter->runController()
 4 SYSTEMPATH/CodeIgniter.php(361): CodeIgniter\CodeIgniter->handleRequest()
 5 FCPATH/index.php(79): CodeIgniter\CodeIgniter->run()
 6 SYSTEMPATH/Commands/Server/rewrite.php(47): require_once('/tmp/guest-6aa2we/Downloads/codeigniter4-framework-7d393f8/public/index.php')
